<?xml version="1.0" encoding="UTF-8"?><testsuite errors="1" failures="0" name="Verificar la funcionalidad basicas de la calculadora" skipped="0" tests="1" time="32.38" timestamp="2020-07-06 09:40:24"><testcase name=": abrir navegador google chrome"><error type="java.lang.reflect.InvocationTargetException"/><system-err>null&#13;
io.appium.java_client.remote.AppiumCommandExecutor.createSession(AppiumCommandExecutor.java:209)&#13;
io.appium.java_client.remote.AppiumCommandExecutor.execute(AppiumCommandExecutor.java:231)&#13;
io.appium.java_client.DefaultGenericMobileDriver.execute(DefaultGenericMobileDriver.java:42)&#13;
io.appium.java_client.AppiumDriver.execute(AppiumDriver.java:1)&#13;
io.appium.java_client.DefaultGenericMobileDriver.&lt;init&gt;(DefaultGenericMobileDriver.java:38)&#13;
io.appium.java_client.AppiumDriver.&lt;init&gt;(AppiumDriver.java:84)&#13;
io.appium.java_client.AppiumDriver.&lt;init&gt;(AppiumDriver.java:94)&#13;
co.com.automatizacion.appium.screenplay.util.MyDriver.appium(MyDriver.java:31)&#13;
co.com.automatizacion.appium.screenplay.stepdefinition.StepDefinitions.queElUsuarioDeseaAbrirUnNavegadorEIngresarAGoogle(StepDefinitions.java:28)&#13;
cucumber.runner.Runner.runPickle(Runner.java:80)&#13;
</system-err></testcase></testsuite>