<?xml version="1.0" encoding="UTF-8"?><testsuite errors="0" failures="1" name="Verificar la funcionalidad basicas de la calculadora" skipped="0" tests="1" time="20.79" timestamp="2020-07-06 11:47:58"><testcase name=": Ejecutar el emulador de Android y probar la funcionalidad de restar de la calculadora"><failure message="Expected enabled element was not enabled" type="net.thucydides.core.webdriver.exceptions.ElementShouldBeEnabledException">Expected enabled element was not enabled</failure><system-err>Expected enabled element was not enabled&#13;
co.com.automatizacion.appium.screenplay.task.Abrir.performAs(Abrir.java:15)&#13;
co.com.automatizacion.appium.screenplay.stepdefinition.StepDefinitions.ingresa_a_la_calculadora(StepDefinitions.java:29)&#13;
cucumber.runner.Runner.runPickle(Runner.java:80)&#13;
org.eclipse.jdt.internal.junit4.runner.JUnit4TestReference.run(JUnit4TestReference.java:89)&#13;
org.eclipse.jdt.internal.junit.runner.TestExecution.run(TestExecution.java:41)&#13;
org.eclipse.jdt.internal.junit.runner.RemoteTestRunner.runTests(RemoteTestRunner.java:542)&#13;
org.eclipse.jdt.internal.junit.runner.RemoteTestRunner.runTests(RemoteTestRunner.java:770)&#13;
org.eclipse.jdt.internal.junit.runner.RemoteTestRunner.run(RemoteTestRunner.java:464)&#13;
org.eclipse.jdt.internal.junit.runner.RemoteTestRunner.main(RemoteTestRunner.java:210)&#13;
</system-err></testcase></testsuite>